
  .   ____          _            __ _ _
 /\\ / ___'_ __ _ _(_)_ __  __ _ \ \ \ \
( ( )\___ | '_ | '_| | '_ \/ _` | \ \ \ \
 \\/  ___)| |_)| | | | | || (_| |  ) ) ) )
  '  |____| .__|_| |_|_| |_\__, | / / / /
 =========|_|==============|___/=/_/_/_/

 :: Spring Boot ::                (v3.4.0)

2026-02-15T15:05:44.314+05:30  INFO 7880 --- [vfms-backend] [           main] com.vfms.VfmsApplication                 : Starting VfmsApplication v0.0.1-SNAPSHOT using Java 21.0.2 with PID 7880 (D:\interim\backend\target\vfms-backend-0.0.1-SNAPSHOT.jar started by DELL in D:\interim\backend)
2026-02-15T15:05:44.318+05:30  INFO 7880 --- [vfms-backend] [           main] com.vfms.VfmsApplication                 : No active profile set, falling back to 1 default profile: "default"
2026-02-15T15:05:47.044+05:30  INFO 7880 --- [vfms-backend] [           main] .s.d.r.c.RepositoryConfigurationDelegate : Bootstrapping Spring Data JPA repositories in DEFAULT mode.
2026-02-15T15:05:47.253+05:30  INFO 7880 --- [vfms-backend] [           main] .s.d.r.c.RepositoryConfigurationDelegate : Finished Spring Data repository scanning in 163 ms. Found 1 JPA repository interface.
2026-02-15T15:05:48.840+05:30  INFO 7880 --- [vfms-backend] [           main] o.s.b.w.embedded.tomcat.TomcatWebServer  : Tomcat initialized with port 8080 (http)
2026-02-15T15:05:48.876+05:30  INFO 7880 --- [vfms-backend] [           main] o.apache.catalina.core.StandardService   : Starting service [Tomcat]
2026-02-15T15:05:48.876+05:30  INFO 7880 --- [vfms-backend] [           main] o.apache.catalina.core.StandardEngine    : Starting Servlet engine: [Apache Tomcat/10.1.33]
2026-02-15T15:05:48.922+05:30  INFO 7880 --- [vfms-backend] [           main] o.a.c.c.C.[Tomcat].[localhost].[/]       : Initializing Spring embedded WebApplicationContext
2026-02-15T15:05:48.925+05:30  INFO 7880 --- [vfms-backend] [           main] w.s.c.ServletWebServerApplicationContext : Root WebApplicationContext: initialization completed in 4493 ms
2026-02-15T15:05:49.515+05:30  INFO 7880 --- [vfms-backend] [           main] o.hibernate.jpa.internal.util.LogHelper  : HHH000204: Processing PersistenceUnitInfo [name: default]
2026-02-15T15:05:49.708+05:30  INFO 7880 --- [vfms-backend] [           main] org.hibernate.Version                    : HHH000412: Hibernate ORM core version 6.6.2.Final
2026-02-15T15:05:49.826+05:30  INFO 7880 --- [vfms-backend] [           main] o.h.c.internal.RegionFactoryInitiator    : HHH000026: Second-level cache disabled
2026-02-15T15:05:50.943+05:30  INFO 7880 --- [vfms-backend] [           main] o.s.o.j.p.SpringPersistenceUnitInfo      : No LoadTimeWeaver setup: ignoring JPA class transformer
2026-02-15T15:05:50.989+05:30  INFO 7880 --- [vfms-backend] [           main] com.zaxxer.hikari.HikariDataSource       : HikariPool-1 - Starting...
2026-02-15T15:05:51.477+05:30  INFO 7880 --- [vfms-backend] [           main] com.zaxxer.hikari.pool.HikariPool        : HikariPool-1 - Added connection org.postgresql.jdbc.PgConnection@3df77dfa
2026-02-15T15:05:51.477+05:30  INFO 7880 --- [vfms-backend] [           main] com.zaxxer.hikari.HikariDataSource       : HikariPool-1 - Start completed.
2026-02-15T15:05:51.529+05:30  WARN 7880 --- [vfms-backend] [           main] org.hibernate.orm.deprecation            : HHH90000025: PostgreSQLDialect does not need to be specified explicitly using 'hibernate.dialect' (remove the property setting and it will be selected by default)
2026-02-15T15:05:51.573+05:30  INFO 7880 --- [vfms-backend] [           main] org.hibernate.orm.connections.pooling    : HHH10001005: Database info:
	Database JDBC URL [Connecting through datasource 'HikariDataSource (HikariPool-1)']
	Database driver: undefined/unknown
	Database version: 18.1
	Autocommit mode: undefined/unknown
	Isolation level: undefined/unknown
	Minimum pool size: undefined/unknown
	Maximum pool size: undefined/unknown
2026-02-15T15:05:53.260+05:30  INFO 7880 --- [vfms-backend] [           main] o.h.e.t.j.p.i.JtaPlatformInitiator       : HHH000489: No JTA platform available (set 'hibernate.transaction.jta.platform' to enable JTA platform integration)
Hibernate: set client_min_messages = WARNING
Hibernate: drop table if exists vehicle cascade
Hibernate: create table vehicle (current_odometer float(53), id integer generated by default as identity, last_service_date date, year integer, fuel_level varchar(255), license_plate varchar(255) unique, make varchar(255), model varchar(255), status varchar(255), type varchar(255), primary key (id))
2026-02-15T15:05:53.327+05:30  INFO 7880 --- [vfms-backend] [           main] j.LocalContainerEntityManagerFactoryBean : Initialized JPA EntityManagerFactory for persistence unit 'default'
2026-02-15T15:05:54.648+05:30  WARN 7880 --- [vfms-backend] [           main] JpaBaseConfiguration$JpaWebConfiguration : spring.jpa.open-in-view is enabled by default. Therefore, database queries may be performed during view rendering. Explicitly configure spring.jpa.open-in-view to disable this warning
2026-02-15T15:05:54.755+05:30  WARN 7880 --- [vfms-backend] [           main] .s.s.UserDetailsServiceAutoConfiguration : 

Using generated security password: 5aef7daf-53f0-413e-9959-b4bbe1583bc2

This generated password is for development use only. Your security configuration must be updated before running your application in production.

2026-02-15T15:05:54.805+05:30  INFO 7880 --- [vfms-backend] [           main] r$InitializeUserDetailsManagerConfigurer : Global AuthenticationManager configured with UserDetailsService bean with name inMemoryUserDetailsManager
2026-02-15T15:05:56.465+05:30  INFO 7880 --- [vfms-backend] [           main] o.s.b.w.embedded.tomcat.TomcatWebServer  : Tomcat started on port 8080 (http) with context path '/'
2026-02-15T15:05:56.496+05:30  INFO 7880 --- [vfms-backend] [           main] com.vfms.VfmsApplication                 : Started VfmsApplication in 13.525 seconds (process running for 15.099)
2026-02-15T15:07:34.995+05:30  INFO 7880 --- [vfms-backend] [nio-8080-exec-1] o.a.c.c.C.[Tomcat].[localhost].[/]       : Initializing Spring DispatcherServlet 'dispatcherServlet'
2026-02-15T15:07:34.995+05:30  INFO 7880 --- [vfms-backend] [nio-8080-exec-1] o.s.web.servlet.DispatcherServlet        : Initializing Servlet 'dispatcherServlet'
2026-02-15T15:07:35.005+05:30  INFO 7880 --- [vfms-backend] [nio-8080-exec-1] o.s.web.servlet.DispatcherServlet        : Completed initialization in 3 ms
2026-02-15T15:12:06.835+05:30  INFO 7880 --- [vfms-backend] [ionShutdownHook] o.s.b.w.e.tomcat.GracefulShutdown        : Commencing graceful shutdown. Waiting for active requests to complete
2026-02-15T15:12:07.405+05:30  INFO 7880 --- [vfms-backend] [tomcat-shutdown] o.s.b.w.e.tomcat.GracefulShutdown        : Graceful shutdown complete
2026-02-15T15:12:07.417+05:30  INFO 7880 --- [vfms-backend] [ionShutdownHook] j.LocalContainerEntityManagerFactoryBean : Closing JPA EntityManagerFactory for persistence unit 'default'
2026-02-15T15:12:07.423+05:30  INFO 7880 --- [vfms-backend] [ionShutdownHook] com.zaxxer.hikari.HikariDataSource       : HikariPool-1 - Shutdown initiated...
2026-02-15T15:12:07.477+05:30  INFO 7880 --- [vfms-backend] [ionShutdownHook] com.zaxxer.hikari.HikariDataSource       : HikariPool-1 - Shutdown completed.
