
  .   ____          _            __ _ _
 /\\ / ___'_ __ _ _(_)_ __  __ _ \ \ \ \
( ( )\___ | '_ | '_| | '_ \/ _` | \ \ \ \
 \\/  ___)| |_)| | | | | || (_| |  ) ) ) )
  '  |____| .__|_| |_|_| |_\__, | / / / /
 =========|_|==============|___/=/_/_/_/

 :: Spring Boot ::                (v3.4.0)

2026-02-15T15:13:39.144+05:30  INFO 30020 --- [vfms-backend] [           main] com.vfms.VfmsApplication                 : Starting VfmsApplication v0.0.1-SNAPSHOT using Java 21.0.2 with PID 30020 (D:\interim\backend\target\vfms-backend-0.0.1-SNAPSHOT.jar started by DELL in D:\interim\backend)
2026-02-15T15:13:39.154+05:30  INFO 30020 --- [vfms-backend] [           main] com.vfms.VfmsApplication                 : No active profile set, falling back to 1 default profile: "default"
2026-02-15T15:13:42.029+05:30  INFO 30020 --- [vfms-backend] [           main] .s.d.r.c.RepositoryConfigurationDelegate : Bootstrapping Spring Data JPA repositories in DEFAULT mode.
2026-02-15T15:13:42.292+05:30  INFO 30020 --- [vfms-backend] [           main] .s.d.r.c.RepositoryConfigurationDelegate : Finished Spring Data repository scanning in 238 ms. Found 1 JPA repository interface.
2026-02-15T15:13:44.326+05:30  INFO 30020 --- [vfms-backend] [           main] o.s.b.w.embedded.tomcat.TomcatWebServer  : Tomcat initialized with port 8080 (http)
2026-02-15T15:13:44.376+05:30  INFO 30020 --- [vfms-backend] [           main] o.apache.catalina.core.StandardService   : Starting service [Tomcat]
2026-02-15T15:13:44.376+05:30  INFO 30020 --- [vfms-backend] [           main] o.apache.catalina.core.StandardEngine    : Starting Servlet engine: [Apache Tomcat/10.1.33]
2026-02-15T15:13:44.426+05:30  INFO 30020 --- [vfms-backend] [           main] o.a.c.c.C.[Tomcat].[localhost].[/]       : Initializing Spring embedded WebApplicationContext
2026-02-15T15:13:44.426+05:30  INFO 30020 --- [vfms-backend] [           main] w.s.c.ServletWebServerApplicationContext : Root WebApplicationContext: initialization completed in 5162 ms
2026-02-15T15:13:45.068+05:30  INFO 30020 --- [vfms-backend] [           main] o.hibernate.jpa.internal.util.LogHelper  : HHH000204: Processing PersistenceUnitInfo [name: default]
2026-02-15T15:13:45.265+05:30  INFO 30020 --- [vfms-backend] [           main] org.hibernate.Version                    : HHH000412: Hibernate ORM core version 6.6.2.Final
2026-02-15T15:13:45.374+05:30  INFO 30020 --- [vfms-backend] [           main] o.h.c.internal.RegionFactoryInitiator    : HHH000026: Second-level cache disabled
2026-02-15T15:13:46.334+05:30  INFO 30020 --- [vfms-backend] [           main] o.s.o.j.p.SpringPersistenceUnitInfo      : No LoadTimeWeaver setup: ignoring JPA class transformer
2026-02-15T15:13:46.414+05:30  INFO 30020 --- [vfms-backend] [           main] com.zaxxer.hikari.HikariDataSource       : HikariPool-1 - Starting...
2026-02-15T15:13:46.739+05:30  INFO 30020 --- [vfms-backend] [           main] com.zaxxer.hikari.pool.HikariPool        : HikariPool-1 - Added connection org.postgresql.jdbc.PgConnection@48cf8414
2026-02-15T15:13:46.740+05:30  INFO 30020 --- [vfms-backend] [           main] com.zaxxer.hikari.HikariDataSource       : HikariPool-1 - Start completed.
2026-02-15T15:13:46.783+05:30  WARN 30020 --- [vfms-backend] [           main] org.hibernate.orm.deprecation            : HHH90000025: PostgreSQLDialect does not need to be specified explicitly using 'hibernate.dialect' (remove the property setting and it will be selected by default)
2026-02-15T15:13:46.815+05:30  INFO 30020 --- [vfms-backend] [           main] org.hibernate.orm.connections.pooling    : HHH10001005: Database info:
	Database JDBC URL [Connecting through datasource 'HikariDataSource (HikariPool-1)']
	Database driver: undefined/unknown
	Database version: 18.1
	Autocommit mode: undefined/unknown
	Isolation level: undefined/unknown
	Minimum pool size: undefined/unknown
	Maximum pool size: undefined/unknown
2026-02-15T15:13:48.579+05:30  INFO 30020 --- [vfms-backend] [           main] o.h.e.t.j.p.i.JtaPlatformInitiator       : HHH000489: No JTA platform available (set 'hibernate.transaction.jta.platform' to enable JTA platform integration)
Hibernate: set client_min_messages = WARNING
Hibernate: drop table if exists vehicle cascade
Hibernate: create table vehicle (current_odometer float(53), id integer generated by default as identity, last_service_date date, year integer, category varchar(255), fuel_level varchar(255), fuel_type varchar(255), license_plate varchar(255) unique, make varchar(255), model varchar(255), status varchar(255), primary key (id))
2026-02-15T15:13:48.623+05:30  INFO 30020 --- [vfms-backend] [           main] j.LocalContainerEntityManagerFactoryBean : Initialized JPA EntityManagerFactory for persistence unit 'default'
2026-02-15T15:13:49.790+05:30  WARN 30020 --- [vfms-backend] [           main] JpaBaseConfiguration$JpaWebConfiguration : spring.jpa.open-in-view is enabled by default. Therefore, database queries may be performed during view rendering. Explicitly configure spring.jpa.open-in-view to disable this warning
2026-02-15T15:13:49.876+05:30  WARN 30020 --- [vfms-backend] [           main] .s.s.UserDetailsServiceAutoConfiguration : 

Using generated security password: 4f064ac8-8648-4c9f-b3bc-fb93eae1e338

This generated password is for development use only. Your security configuration must be updated before running your application in production.

2026-02-15T15:13:49.949+05:30  INFO 30020 --- [vfms-backend] [           main] r$InitializeUserDetailsManagerConfigurer : Global AuthenticationManager configured with UserDetailsService bean with name inMemoryUserDetailsManager
2026-02-15T15:13:51.449+05:30  INFO 30020 --- [vfms-backend] [           main] o.s.b.w.embedded.tomcat.TomcatWebServer  : Tomcat started on port 8080 (http) with context path '/'
2026-02-15T15:13:51.482+05:30  INFO 30020 --- [vfms-backend] [           main] com.vfms.VfmsApplication                 : Started VfmsApplication in 13.66 seconds (process running for 15.275)
2026-02-15T15:14:59.932+05:30  INFO 30020 --- [vfms-backend] [nio-8080-exec-1] o.a.c.c.C.[Tomcat].[localhost].[/]       : Initializing Spring DispatcherServlet 'dispatcherServlet'
2026-02-15T15:14:59.932+05:30  INFO 30020 --- [vfms-backend] [nio-8080-exec-1] o.s.web.servlet.DispatcherServlet        : Initializing Servlet 'dispatcherServlet'
2026-02-15T15:14:59.934+05:30  INFO 30020 --- [vfms-backend] [nio-8080-exec-1] o.s.web.servlet.DispatcherServlet        : Completed initialization in 2 ms
Hibernate: select v1_0.id,v1_0.category,v1_0.current_odometer,v1_0.fuel_level,v1_0.fuel_type,v1_0.last_service_date,v1_0.license_plate,v1_0.make,v1_0.model,v1_0.status,v1_0.year from vehicle v1_0
Hibernate: select v1_0.id,v1_0.category,v1_0.current_odometer,v1_0.fuel_level,v1_0.fuel_type,v1_0.last_service_date,v1_0.license_plate,v1_0.make,v1_0.model,v1_0.status,v1_0.year from vehicle v1_0
Hibernate: select v1_0.id,v1_0.category,v1_0.current_odometer,v1_0.fuel_level,v1_0.fuel_type,v1_0.last_service_date,v1_0.license_plate,v1_0.make,v1_0.model,v1_0.status,v1_0.year from vehicle v1_0
Hibernate: select v1_0.id,v1_0.category,v1_0.current_odometer,v1_0.fuel_level,v1_0.fuel_type,v1_0.last_service_date,v1_0.license_plate,v1_0.make,v1_0.model,v1_0.status,v1_0.year from vehicle v1_0
Hibernate: select v1_0.id,v1_0.category,v1_0.current_odometer,v1_0.fuel_level,v1_0.fuel_type,v1_0.last_service_date,v1_0.license_plate,v1_0.make,v1_0.model,v1_0.status,v1_0.year from vehicle v1_0
Hibernate: select v1_0.id,v1_0.category,v1_0.current_odometer,v1_0.fuel_level,v1_0.fuel_type,v1_0.last_service_date,v1_0.license_plate,v1_0.make,v1_0.model,v1_0.status,v1_0.year from vehicle v1_0
Hibernate: insert into vehicle (category,current_odometer,fuel_level,fuel_type,last_service_date,license_plate,make,model,status,year) values (?,?,?,?,?,?,?,?,?,?)
Hibernate: select v1_0.id,v1_0.category,v1_0.current_odometer,v1_0.fuel_level,v1_0.fuel_type,v1_0.last_service_date,v1_0.license_plate,v1_0.make,v1_0.model,v1_0.status,v1_0.year from vehicle v1_0
Hibernate: select v1_0.id,v1_0.category,v1_0.current_odometer,v1_0.fuel_level,v1_0.fuel_type,v1_0.last_service_date,v1_0.license_plate,v1_0.make,v1_0.model,v1_0.status,v1_0.year from vehicle v1_0 where v1_0.id=?
Hibernate: update vehicle set category=?,current_odometer=?,fuel_level=?,fuel_type=?,last_service_date=?,license_plate=?,make=?,model=?,status=?,year=? where id=?
Hibernate: select v1_0.id,v1_0.category,v1_0.current_odometer,v1_0.fuel_level,v1_0.fuel_type,v1_0.last_service_date,v1_0.license_plate,v1_0.make,v1_0.model,v1_0.status,v1_0.year from vehicle v1_0
Hibernate: select v1_0.id,v1_0.category,v1_0.current_odometer,v1_0.fuel_level,v1_0.fuel_type,v1_0.last_service_date,v1_0.license_plate,v1_0.make,v1_0.model,v1_0.status,v1_0.year from vehicle v1_0 where v1_0.id=?
Hibernate: delete from vehicle where id=?
Hibernate: insert into vehicle (category,current_odometer,fuel_level,fuel_type,last_service_date,license_plate,make,model,status,year) values (?,?,?,?,?,?,?,?,?,?)
Hibernate: select v1_0.id,v1_0.category,v1_0.current_odometer,v1_0.fuel_level,v1_0.fuel_type,v1_0.last_service_date,v1_0.license_plate,v1_0.make,v1_0.model,v1_0.status,v1_0.year from vehicle v1_0
Hibernate: insert into vehicle (category,current_odometer,fuel_level,fuel_type,last_service_date,license_plate,make,model,status,year) values (?,?,?,?,?,?,?,?,?,?)
Hibernate: select v1_0.id,v1_0.category,v1_0.current_odometer,v1_0.fuel_level,v1_0.fuel_type,v1_0.last_service_date,v1_0.license_plate,v1_0.make,v1_0.model,v1_0.status,v1_0.year from vehicle v1_0
Hibernate: select v1_0.id,v1_0.category,v1_0.current_odometer,v1_0.fuel_level,v1_0.fuel_type,v1_0.last_service_date,v1_0.license_plate,v1_0.make,v1_0.model,v1_0.status,v1_0.year from vehicle v1_0 where v1_0.id=?
Hibernate: update vehicle set category=?,current_odometer=?,fuel_level=?,fuel_type=?,last_service_date=?,license_plate=?,make=?,model=?,status=?,year=? where id=?
Hibernate: select v1_0.id,v1_0.category,v1_0.current_odometer,v1_0.fuel_level,v1_0.fuel_type,v1_0.last_service_date,v1_0.license_plate,v1_0.make,v1_0.model,v1_0.status,v1_0.year from vehicle v1_0
Hibernate: select v1_0.id,v1_0.category,v1_0.current_odometer,v1_0.fuel_level,v1_0.fuel_type,v1_0.last_service_date,v1_0.license_plate,v1_0.make,v1_0.model,v1_0.status,v1_0.year from vehicle v1_0
Hibernate: select v1_0.id,v1_0.category,v1_0.current_odometer,v1_0.fuel_level,v1_0.fuel_type,v1_0.last_service_date,v1_0.license_plate,v1_0.make,v1_0.model,v1_0.status,v1_0.year from vehicle v1_0
Hibernate: select v1_0.id,v1_0.category,v1_0.current_odometer,v1_0.fuel_level,v1_0.fuel_type,v1_0.last_service_date,v1_0.license_plate,v1_0.make,v1_0.model,v1_0.status,v1_0.year from vehicle v1_0
Hibernate: select v1_0.id,v1_0.category,v1_0.current_odometer,v1_0.fuel_level,v1_0.fuel_type,v1_0.last_service_date,v1_0.license_plate,v1_0.make,v1_0.model,v1_0.status,v1_0.year from vehicle v1_0
Hibernate: select v1_0.id,v1_0.category,v1_0.current_odometer,v1_0.fuel_level,v1_0.fuel_type,v1_0.last_service_date,v1_0.license_plate,v1_0.make,v1_0.model,v1_0.status,v1_0.year from vehicle v1_0
Hibernate: select v1_0.id,v1_0.category,v1_0.current_odometer,v1_0.fuel_level,v1_0.fuel_type,v1_0.last_service_date,v1_0.license_plate,v1_0.make,v1_0.model,v1_0.status,v1_0.year from vehicle v1_0
Hibernate: select v1_0.id,v1_0.category,v1_0.current_odometer,v1_0.fuel_level,v1_0.fuel_type,v1_0.last_service_date,v1_0.license_plate,v1_0.make,v1_0.model,v1_0.status,v1_0.year from vehicle v1_0
Hibernate: select v1_0.id,v1_0.category,v1_0.current_odometer,v1_0.fuel_level,v1_0.fuel_type,v1_0.last_service_date,v1_0.license_plate,v1_0.make,v1_0.model,v1_0.status,v1_0.year from vehicle v1_0
